<?xml version="1.0" encoding="UTF-8"?>
<!-- Generated by org.testng.reporters.JUnitReportReporter -->
<testsuite skipped="0" hostname="DESKTOP-1CS7FLM" name="smokeTests.ATagsTest" tests="1" failures="0" timestamp="09 Nov 2017 10:16:46 GMT" time="4.590" errors="0">
  <testcase name="createAccountIsPresent" time="4.590" classname="smokeTests.ATagsTest"/>
</testsuite> <!-- smokeTests.ATagsTest -->
