<?xml version="1.0" encoding="UTF-8"?>
<!-- Generated by org.testng.reporters.JUnitReportReporter -->
<testsuite skipped="0" hostname="DESKTOP-1CS7FLM" name="testScripts.LoginDDT" tests="6" failures="0" timestamp="10 Nov 2017 22:44:45 GMT" time="27.252" errors="0">
  <testcase name="loginTest" time="4.458" classname="testScripts.LoginDDT"/>
  <testcase name="loginTest" time="4.470" classname="testScripts.LoginDDT"/>
  <testcase name="loginTest" time="4.600" classname="testScripts.LoginDDT"/>
  <testcase name="loginTest" time="4.656" classname="testScripts.LoginDDT"/>
  <testcase name="loginTest" time="4.418" classname="testScripts.LoginDDT"/>
  <testcase name="loginTest" time="4.650" classname="testScripts.LoginDDT"/>
</testsuite> <!-- testScripts.LoginDDT -->
