<?xml version="1.0" encoding="UTF-8"?>
<!-- Generated by org.testng.reporters.JUnitReportReporter -->
<testsuite skipped="0" hostname="DESKTOP-1CS7FLM" name="smokeTests.LoginPresentTestNG" tests="1" failures="0" timestamp="09 Nov 2017 10:16:46 GMT" time="5.572" errors="0">
  <testcase name="loginElementsPresentTest" time="5.572" classname="smokeTests.LoginPresentTestNG"/>
</testsuite> <!-- smokeTests.LoginPresentTestNG -->
