<?xml version="1.0" encoding="UTF-8"?>
<!-- Generated by org.testng.reporters.JUnitReportReporter -->
<testsuite skipped="0" hostname="DESKTOP-1CS7FLM" name="testScripts.NewAccountDDTTestNG" tests="6" failures="0" timestamp="10 Nov 2017 22:44:45 GMT" time="35.009" errors="0">
  <testcase name="createAccount" time="5.819" classname="testScripts.NewAccountDDTTestNG"/>
  <testcase name="createAccount" time="5.588" classname="testScripts.NewAccountDDTTestNG"/>
  <testcase name="createAccount" time="5.740" classname="testScripts.NewAccountDDTTestNG"/>
  <testcase name="createAccount" time="5.748" classname="testScripts.NewAccountDDTTestNG"/>
  <testcase name="createAccount" time="6.279" classname="testScripts.NewAccountDDTTestNG"/>
  <testcase name="createAccount" time="5.835" classname="testScripts.NewAccountDDTTestNG"/>
</testsuite> <!-- testScripts.NewAccountDDTTestNG -->
