<?xml version="1.0" encoding="UTF-8"?>
<!-- Generated by org.testng.reporters.JUnitReportReporter -->
<testsuite skipped="0" hostname="DESKTOP-1CS7FLM" name="testScripts.Expedia" tests="1" failures="0" timestamp="12 Nov 2017 12:28:18 GMT" time="27.026" errors="1">
  <testcase name="hotelReservation" time="27.026" classname="testScripts.Expedia">
    <error type="org.openqa.selenium.WebDriverException" message="unknown error: Element &lt;a class=&quot;flex-link&quot; target=&quot;4818&quot; href=&quot;https://travelads.hlserve.com/TravelAdsService/v3/Hotels/TravelAdClickRedirect?trackingData=Cmp-I39a0j3+f8Qs1D1PnLa+xhnHECzURgHjFVq4G67URhkwjT3Z0VaUt6Vs2dtdBdF7I+/H4cGRbOXtd4H4jh3dumCN8FYj+aszhDXl7ffsH6z0Yp3kZNk1iJhZU1B037h9tJBG3GfqZ+5su4Pl2/ZBOf8zt89fRHgfP0kfx9X5IJbq0LTivK4Ab7Ko9wVbHUJ7E4GlGk9av37FHQa0IS8paeeTLXnqnvWGn/SG6S4AETmz3bJZ4at+QiXPtQ7o7tD9d8crTnZcp/Be4JLjPv+WBGlKKBLWcqJqVDQlJgVPx3wLW0ue6UIwuuNJl8Q2hlR2J9X3/QHWUOwM0PEvthVvYICbgyVc+eUPzKwhjFY0HFdv6EKouCDbohhzVaQ/F9jHj7AxhJ1bfkNm3s77pGMf6NoHwI1j9dDiDM01UDx3h0Ec5uech+sqVM46a8Iajo5GAGvXzV3iYChUwWU3u5pz9DMIpHMtOdCnT61G7S4b+m6GlpnVaohfu9s8hlVQWrjPT7ItjzYa4cavFdTUPkt937+3eXa5Am8GBM8SAN9m+MprrjZ7YAQajqj3Rlz+th5xD3IUGcft67cTzdm9oBbPhlCi4WOWqRkFLZa5qDcLxQ3/bpiZvkEfBC1cCPwP0Sv0l2e3dM6q4+kwF15+ietA/ox7gpPW4zXQwWkDpCI9aTP8SAWVtKVinw5VIT3W81RCR2wEk5JppSQh3QuvV2/j/TlmfseGOy4NXWEbRKBicNoX4zEwI9ub+05v9PgIN9KQjApNzHk2srUB0E+0efxn89GYeeJedF/rA8b1H0L4O9Yw/n1WHMXtxKdOdHDuckYjt9hQd1KZwa/53fYxeU9XNozBRKIdWsqd57xxQNB1HCBEnK0Mv1LqR5MyOtQK75VCrss0hl7RK/519QrWFNH5h3okSAzVAsc1T60FqVZeEr1NTmWwKrM0Rqv4HRc+WZUMWAKKtCc0zC/Qo9dpBRX7UHZvwgmnSdWLsg/egcEuPO0q6wJRwm8+nZYbaudmbmHctJPmMRBRKBj6pnI8cphurNvs0shfxl4Ue+GN0mrk4CTSSPcN9hvRPraG15Vf93xFiuyVAjbfEGAMQeW2xgBblUp/iruLNGuxIb4Hqso2V5u2LyxVC98ISRXI7L9IwthgtwUL2yC7Whc80jMANzkJhkXRCfr9ujJm&amp;amp;rank=1&amp;amp;testVersionOverride=9258.45376.0%2C15606.57163.0%2C13420.54736.1%2C14877.56410.0%2C15993.58579.0%2C14869.56543.0%2C15881.58112.0%2C15072.57258.2%2C13487.51625.0%2C14567.99990.0&amp;amp;destinationUrl=https%3A%2F%2Fwww.travelocity.com%2FNew-York-Hotels-Lotte-New-York-Palace.h4818.Hotel-Information%3Fchkin%3D12%252F24%252F2017%26chkout%3D12%252F31%252F2017%26rm1%3Da1%26star%3D40%26regionId%3D178293%26sort%3Drecommended%26hwrqCacheKey%3Dbe60f259-afc3-49d3-b192-dd093fe30fb6HWRQ1510489692478%26vip%3Dfalse%26c%3D2354a82a-2f41-4dff-8bb3-33387365a246%26%26exp_dp%3D573.29%26exp_ts%3D1510489691744%26exp_curr%3DUSD%26swpToggleOn=false&amp;amp;exp_pg%3DHSR&amp;amp;candidateHmGuid=d2072a91-923c-4dce-b091-6fa1509009a5&amp;amp;beaconIssued=2017-11-12T12:27:51&quot; data-track=&quot;HOT:SR:HotelSponsoredTop&quot; data-externalurl=&quot;&quot; tabindex=&quot;0&quot;&gt;...&lt;/a&gt; is not clickable at point (739, 320). Other element would receive the click: &lt;div class=&quot;opi-overlay&quot;&gt;&lt;/div&gt;
  (Session info: chrome=62.0.3202.89)
  (Driver info: chromedriver=2.33.506120 (e3e53437346286c0bc2d2dc9aa4915ba81d9023f),platform=Windows NT 10.0.15063 x86_64) (WARNING: The server did not provide any stacktrace information)
Command duration or timeout: 0 milliseconds
Build info: version: &#039;3.6.0&#039;, revision: &#039;6fbf3ec767&#039;, time: &#039;2017-09-27T16:15:40.131Z&#039;
System info: host: &#039;DESKTOP-1CS7FLM&#039;, ip: &#039;10.0.1.155&#039;, os.name: &#039;Windows 10&#039;, os.arch: &#039;amd64&#039;, os.version: &#039;10.0&#039;, java.version: &#039;1.8.0_151&#039;
Driver info: org.openqa.selenium.chrome.ChromeDriver
Capabilities [{mobileEmulationEnabled=false, hasTouchScreen=false, platform=XP, acceptSslCerts=true, webStorageEnabled=true, browserName=chrome, takesScreenshot=true, javascriptEnabled=true, platformName=XP, setWindowRect=true, unexpectedAlertBehaviour=, applicationCacheEnabled=false, rotatable=false, networkConnectionEnabled=false, chrome={chromedriverVersion=2.33.506120 (e3e53437346286c0bc2d2dc9aa4915ba81d9023f), userDataDir=C:\Users\shwar\AppData\Local\Temp\scoped_dir11296_18679}, takesHeapSnapshot=true, pageLoadStrategy=normal, unhandledPromptBehavior=, databaseEnabled=false, handlesAlerts=true, version=62.0.3202.89, browserConnectionEnabled=false, nativeEvents=true, locationContextEnabled=true, cssSelectorsEnabled=true}]
Session ID: fa6ab7a75769214ce595699dbb208dd7">
      <![CDATA[org.openqa.selenium.WebDriverException: unknown error: Element <a class="flex-link" target="4818" href="https://travelads.hlserve.com/TravelAdsService/v3/Hotels/TravelAdClickRedirect?trackingData=Cmp-I39a0j3+f8Qs1D1PnLa+xhnHECzURgHjFVq4G67URhkwjT3Z0VaUt6Vs2dtdBdF7I+/H4cGRbOXtd4H4jh3dumCN8FYj+aszhDXl7ffsH6z0Yp3kZNk1iJhZU1B037h9tJBG3GfqZ+5su4Pl2/ZBOf8zt89fRHgfP0kfx9X5IJbq0LTivK4Ab7Ko9wVbHUJ7E4GlGk9av37FHQa0IS8paeeTLXnqnvWGn/SG6S4AETmz3bJZ4at+QiXPtQ7o7tD9d8crTnZcp/Be4JLjPv+WBGlKKBLWcqJqVDQlJgVPx3wLW0ue6UIwuuNJl8Q2hlR2J9X3/QHWUOwM0PEvthVvYICbgyVc+eUPzKwhjFY0HFdv6EKouCDbohhzVaQ/F9jHj7AxhJ1bfkNm3s77pGMf6NoHwI1j9dDiDM01UDx3h0Ec5uech+sqVM46a8Iajo5GAGvXzV3iYChUwWU3u5pz9DMIpHMtOdCnT61G7S4b+m6GlpnVaohfu9s8hlVQWrjPT7ItjzYa4cavFdTUPkt937+3eXa5Am8GBM8SAN9m+MprrjZ7YAQajqj3Rlz+th5xD3IUGcft67cTzdm9oBbPhlCi4WOWqRkFLZa5qDcLxQ3/bpiZvkEfBC1cCPwP0Sv0l2e3dM6q4+kwF15+ietA/ox7gpPW4zXQwWkDpCI9aTP8SAWVtKVinw5VIT3W81RCR2wEk5JppSQh3QuvV2/j/TlmfseGOy4NXWEbRKBicNoX4zEwI9ub+05v9PgIN9KQjApNzHk2srUB0E+0efxn89GYeeJedF/rA8b1H0L4O9Yw/n1WHMXtxKdOdHDuckYjt9hQd1KZwa/53fYxeU9XNozBRKIdWsqd57xxQNB1HCBEnK0Mv1LqR5MyOtQK75VCrss0hl7RK/519QrWFNH5h3okSAzVAsc1T60FqVZeEr1NTmWwKrM0Rqv4HRc+WZUMWAKKtCc0zC/Qo9dpBRX7UHZvwgmnSdWLsg/egcEuPO0q6wJRwm8+nZYbaudmbmHctJPmMRBRKBj6pnI8cphurNvs0shfxl4Ue+GN0mrk4CTSSPcN9hvRPraG15Vf93xFiuyVAjbfEGAMQeW2xgBblUp/iruLNGuxIb4Hqso2V5u2LyxVC98ISRXI7L9IwthgtwUL2yC7Whc80jMANzkJhkXRCfr9ujJm&amp;rank=1&amp;testVersionOverride=9258.45376.0%2C15606.57163.0%2C13420.54736.1%2C14877.56410.0%2C15993.58579.0%2C14869.56543.0%2C15881.58112.0%2C15072.57258.2%2C13487.51625.0%2C14567.99990.0&amp;destinationUrl=https%3A%2F%2Fwww.travelocity.com%2FNew-York-Hotels-Lotte-New-York-Palace.h4818.Hotel-Information%3Fchkin%3D12%252F24%252F2017%26chkout%3D12%252F31%252F2017%26rm1%3Da1%26star%3D40%26regionId%3D178293%26sort%3Drecommended%26hwrqCacheKey%3Dbe60f259-afc3-49d3-b192-dd093fe30fb6HWRQ1510489692478%26vip%3Dfalse%26c%3D2354a82a-2f41-4dff-8bb3-33387365a246%26%26exp_dp%3D573.29%26exp_ts%3D1510489691744%26exp_curr%3DUSD%26swpToggleOn=false&amp;exp_pg%3DHSR&amp;candidateHmGuid=d2072a91-923c-4dce-b091-6fa1509009a5&amp;beaconIssued=2017-11-12T12:27:51" data-track="HOT:SR:HotelSponsoredTop" data-externalurl="" tabindex="0">...</a> is not clickable at point (739, 320). Other element would receive the click: <div class="opi-overlay"></div>
  (Session info: chrome=62.0.3202.89)
  (Driver info: chromedriver=2.33.506120 (e3e53437346286c0bc2d2dc9aa4915ba81d9023f),platform=Windows NT 10.0.15063 x86_64) (WARNING: The server did not provide any stacktrace information)
Command duration or timeout: 0 milliseconds
Build info: version: '3.6.0', revision: '6fbf3ec767', time: '2017-09-27T16:15:40.131Z'
System info: host: 'DESKTOP-1CS7FLM', ip: '10.0.1.155', os.name: 'Windows 10', os.arch: 'amd64', os.version: '10.0', java.version: '1.8.0_151'
Driver info: org.openqa.selenium.chrome.ChromeDriver
Capabilities [{mobileEmulationEnabled=false, hasTouchScreen=false, platform=XP, acceptSslCerts=true, webStorageEnabled=true, browserName=chrome, takesScreenshot=true, javascriptEnabled=true, platformName=XP, setWindowRect=true, unexpectedAlertBehaviour=, applicationCacheEnabled=false, rotatable=false, networkConnectionEnabled=false, chrome={chromedriverVersion=2.33.506120 (e3e53437346286c0bc2d2dc9aa4915ba81d9023f), userDataDir=C:\Users\shwar\AppData\Local\Temp\scoped_dir11296_18679}, takesHeapSnapshot=true, pageLoadStrategy=normal, unhandledPromptBehavior=, databaseEnabled=false, handlesAlerts=true, version=62.0.3202.89, browserConnectionEnabled=false, nativeEvents=true, locationContextEnabled=true, cssSelectorsEnabled=true}]
Session ID: fa6ab7a75769214ce595699dbb208dd7
	at sun.reflect.NativeConstructorAccessorImpl.newInstance0(Native Method)
	at sun.reflect.NativeConstructorAccessorImpl.newInstance(Unknown Source)
	at sun.reflect.DelegatingConstructorAccessorImpl.newInstance(Unknown Source)
	at java.lang.reflect.Constructor.newInstance(Unknown Source)
	at org.openqa.selenium.remote.ErrorHandler.createThrowable(ErrorHandler.java:214)
	at org.openqa.selenium.remote.ErrorHandler.throwIfResponseFailed(ErrorHandler.java:166)
	at org.openqa.selenium.remote.http.JsonHttpResponseCodec.reconstructValue(JsonHttpResponseCodec.java:40)
	at org.openqa.selenium.remote.http.AbstractHttpResponseCodec.decode(AbstractHttpResponseCodec.java:82)
	at org.openqa.selenium.remote.http.AbstractHttpResponseCodec.decode(AbstractHttpResponseCodec.java:45)
	at org.openqa.selenium.remote.HttpCommandExecutor.execute(HttpCommandExecutor.java:164)
	at org.openqa.selenium.remote.service.DriverCommandExecutor.execute(DriverCommandExecutor.java:83)
	at org.openqa.selenium.remote.RemoteWebDriver.execute(RemoteWebDriver.java:586)
	at org.openqa.selenium.remote.RemoteWebElement.execute(RemoteWebElement.java:279)
	at org.openqa.selenium.remote.RemoteWebElement.click(RemoteWebElement.java:83)
	at testScripts.Expedia.makeSelection(Expedia.java:103)
	at testScripts.Expedia.hotelReservation(Expedia.java:28)
	at sun.reflect.NativeMethodAccessorImpl.invoke0(Native Method)
	at sun.reflect.NativeMethodAccessorImpl.invoke(Unknown Source)
	at sun.reflect.DelegatingMethodAccessorImpl.invoke(Unknown Source)
	at java.lang.reflect.Method.invoke(Unknown Source)
	at org.testng.internal.MethodInvocationHelper.invokeMethod(MethodInvocationHelper.java:108)
	at org.testng.internal.Invoker.invokeMethod(Invoker.java:669)
	at org.testng.internal.Invoker.invokeTestMethod(Invoker.java:877)
	at org.testng.internal.Invoker.invokeTestMethods(Invoker.java:1201)
	at org.testng.internal.TestMethodWorker.invokeTestMethods(TestMethodWorker.java:125)
	at org.testng.internal.TestMethodWorker.run(TestMethodWorker.java:109)
	at org.testng.TestRunner.privateRun(TestRunner.java:776)
	at org.testng.TestRunner.run(TestRunner.java:634)
	at org.testng.SuiteRunner.runTest(SuiteRunner.java:425)
	at org.testng.SuiteRunner.runSequentially(SuiteRunner.java:420)
	at org.testng.SuiteRunner.privateRun(SuiteRunner.java:385)
	at org.testng.SuiteRunner.run(SuiteRunner.java:334)
	at org.testng.SuiteRunnerWorker.runSuite(SuiteRunnerWorker.java:52)
	at org.testng.SuiteRunnerWorker.run(SuiteRunnerWorker.java:86)
	at org.testng.TestNG.runSuitesSequentially(TestNG.java:1318)
	at org.testng.TestNG.runSuitesLocally(TestNG.java:1243)
	at org.testng.TestNG.runSuites(TestNG.java:1161)
	at org.testng.TestNG.run(TestNG.java:1129)
	at org.testng.remote.AbstractRemoteTestNG.run(AbstractRemoteTestNG.java:114)
	at org.testng.remote.RemoteTestNG.initAndRun(RemoteTestNG.java:251)
	at org.testng.remote.RemoteTestNG.main(RemoteTestNG.java:77)
]]>
    </error>
  </testcase> <!-- hotelReservation -->
</testsuite> <!-- testScripts.Expedia -->
